C:\Users\Meir\source\repos\Cinema\Cinema\app.js
C:\Users\Meir\source\repos\Cinema\Cinema\app.js.map
C:\Users\Meir\source\repos\Cinema\Cinema\Cinema.js
C:\Users\Meir\source\repos\Cinema\Cinema\Cinema.js.map
C:\Users\Meir\source\repos\Cinema\Cinema\Person.js
C:\Users\Meir\source\repos\Cinema\Cinema\Person.js.map
C:\Users\Meir\source\repos\Cinema\Cinema\Student.js
C:\Users\Meir\source\repos\Cinema\Cinema\Student.js.map
C:\Users\Meir\source\repos\Cinema\Cinema\Teacher.js
C:\Users\Meir\source\repos\Cinema\Cinema\Teacher.js.map
C:\Users\Meir\source\repos\Cinema\Cinema\Worker2.js
C:\Users\Meir\source\repos\Cinema\Cinema\Worker2.js.map
C:\Users\Meir\source\repos\Cinema\Cinema\app.js
C:\Users\Meir\source\repos\Cinema\Cinema\app.js.map
C:\Users\Meir\source\repos\Cinema\Cinema\Cinema.js
C:\Users\Meir\source\repos\Cinema\Cinema\Cinema.js.map
C:\Users\Meir\source\repos\Cinema\Cinema\Person.js
C:\Users\Meir\source\repos\Cinema\Cinema\Person.js.map
C:\Users\Meir\source\repos\Cinema\Cinema\Student.js
C:\Users\Meir\source\repos\Cinema\Cinema\Student.js.map
C:\Users\Meir\source\repos\Cinema\Cinema\Teacher.js
C:\Users\Meir\source\repos\Cinema\Cinema\Teacher.js.map
C:\Users\Meir\source\repos\Cinema\Cinema\Worker2.js
C:\Users\Meir\source\repos\Cinema\Cinema\Worker2.js.map
C:\Users\Meir\source\repos\Cinema\Cinema\app.js
C:\Users\Meir\source\repos\Cinema\Cinema\app.js.map
C:\Users\Meir\source\repos\Cinema\Cinema\Cinema.js
C:\Users\Meir\source\repos\Cinema\Cinema\Cinema.js.map
C:\Users\Meir\source\repos\Cinema\Cinema\Person.js
C:\Users\Meir\source\repos\Cinema\Cinema\Person.js.map
C:\Users\Meir\source\repos\Cinema\Cinema\Student.js
C:\Users\Meir\source\repos\Cinema\Cinema\Student.js.map
C:\Users\Meir\source\repos\Cinema\Cinema\Teacher.js
C:\Users\Meir\source\repos\Cinema\Cinema\Teacher.js.map
C:\Users\Meir\source\repos\Cinema\Cinema\Worker2.js
C:\Users\Meir\source\repos\Cinema\Cinema\Worker2.js.map
C:\Users\Meir\source\repos\Cinema\Cinema\app.js
C:\Users\Meir\source\repos\Cinema\Cinema\app.js.map
C:\Users\Meir\source\repos\Cinema\Cinema\Cinema.js
C:\Users\Meir\source\repos\Cinema\Cinema\Cinema.js.map
C:\Users\Meir\source\repos\Cinema\Cinema\Person.js
C:\Users\Meir\source\repos\Cinema\Cinema\Person.js.map
C:\Users\Meir\source\repos\Cinema\Cinema\Student.js
C:\Users\Meir\source\repos\Cinema\Cinema\Student.js.map
C:\Users\Meir\source\repos\Cinema\Cinema\Teacher.js
C:\Users\Meir\source\repos\Cinema\Cinema\Teacher.js.map
C:\Users\Meir\source\repos\Cinema\Cinema\Worker2.js
C:\Users\Meir\source\repos\Cinema\Cinema\Worker2.js.map
C:\Users\Meir\source\repos\Cinema\Cinema\app.js
C:\Users\Meir\source\repos\Cinema\Cinema\app.js.map
C:\Users\Meir\source\repos\Cinema\Cinema\Cinema.js
C:\Users\Meir\source\repos\Cinema\Cinema\Cinema.js.map
C:\Users\Meir\source\repos\Cinema\Cinema\Person.js
C:\Users\Meir\source\repos\Cinema\Cinema\Person.js.map
C:\Users\Meir\source\repos\Cinema\Cinema\Student.js
C:\Users\Meir\source\repos\Cinema\Cinema\Student.js.map
C:\Users\Meir\source\repos\Cinema\Cinema\Teacher.js
C:\Users\Meir\source\repos\Cinema\Cinema\Teacher.js.map
C:\Users\Meir\source\repos\Cinema\Cinema\Worker2.js
C:\Users\Meir\source\repos\Cinema\Cinema\Worker2.js.map
C:\Users\Meir\source\repos\Cinema\Cinema\app.js
C:\Users\Meir\source\repos\Cinema\Cinema\app.js.map
C:\Users\Meir\source\repos\Cinema\Cinema\Cinema.js
C:\Users\Meir\source\repos\Cinema\Cinema\Cinema.js.map
C:\Users\Meir\source\repos\Cinema\Cinema\Person.js
C:\Users\Meir\source\repos\Cinema\Cinema\Person.js.map
C:\Users\Meir\source\repos\Cinema\Cinema\Student.js
C:\Users\Meir\source\repos\Cinema\Cinema\Student.js.map
C:\Users\Meir\source\repos\Cinema\Cinema\Teacher.js
C:\Users\Meir\source\repos\Cinema\Cinema\Teacher.js.map
C:\Users\Meir\source\repos\Cinema\Cinema\Worker2.js
C:\Users\Meir\source\repos\Cinema\Cinema\Worker2.js.map
C:\Users\Meir\source\repos\Cinema\Cinema\app.js
C:\Users\Meir\source\repos\Cinema\Cinema\app.js.map
C:\Users\Meir\source\repos\Cinema\Cinema\Cinema.js
C:\Users\Meir\source\repos\Cinema\Cinema\Cinema.js.map
C:\Users\Meir\source\repos\Cinema\Cinema\Person.js
C:\Users\Meir\source\repos\Cinema\Cinema\Person.js.map
C:\Users\Meir\source\repos\Cinema\Cinema\Student.js
C:\Users\Meir\source\repos\Cinema\Cinema\Student.js.map
C:\Users\Meir\source\repos\Cinema\Cinema\Teacher.js
C:\Users\Meir\source\repos\Cinema\Cinema\Teacher.js.map
C:\Users\Meir\source\repos\Cinema\Cinema\Worker2.js
C:\Users\Meir\source\repos\Cinema\Cinema\Worker2.js.map
C:\Users\Meir\source\repos\Cinema\Cinema\app.js
C:\Users\Meir\source\repos\Cinema\Cinema\app.js.map
C:\Users\Meir\source\repos\Cinema\Cinema\Cinema.js
C:\Users\Meir\source\repos\Cinema\Cinema\Cinema.js.map
C:\Users\Meir\source\repos\Cinema\Cinema\Person.js
C:\Users\Meir\source\repos\Cinema\Cinema\Person.js.map
C:\Users\Meir\source\repos\Cinema\Cinema\Student.js
C:\Users\Meir\source\repos\Cinema\Cinema\Student.js.map
C:\Users\Meir\source\repos\Cinema\Cinema\Teacher.js
C:\Users\Meir\source\repos\Cinema\Cinema\Teacher.js.map
C:\Users\Meir\source\repos\Cinema\Cinema\Worker2.js
C:\Users\Meir\source\repos\Cinema\Cinema\Worker2.js.map
C:\Users\Meir\source\repos\Cinema\Cinema\app.js
C:\Users\Meir\source\repos\Cinema\Cinema\app.js.map
C:\Users\Meir\source\repos\Cinema\Cinema\Cinema.js
C:\Users\Meir\source\repos\Cinema\Cinema\Cinema.js.map
C:\Users\Meir\source\repos\Cinema\Cinema\Person.js
C:\Users\Meir\source\repos\Cinema\Cinema\Person.js.map
C:\Users\Meir\source\repos\Cinema\Cinema\Student.js
C:\Users\Meir\source\repos\Cinema\Cinema\Student.js.map
C:\Users\Meir\source\repos\Cinema\Cinema\Teacher.js
C:\Users\Meir\source\repos\Cinema\Cinema\Teacher.js.map
C:\Users\Meir\source\repos\Cinema\Cinema\Worker2.js
C:\Users\Meir\source\repos\Cinema\Cinema\Worker2.js.map
C:\Users\Meir\source\repos\Cinema\Cinema\app.js
C:\Users\Meir\source\repos\Cinema\Cinema\app.js.map
C:\Users\Meir\source\repos\Cinema\Cinema\Cinema.js
C:\Users\Meir\source\repos\Cinema\Cinema\Cinema.js.map
C:\Users\Meir\source\repos\Cinema\Cinema\Person.js
C:\Users\Meir\source\repos\Cinema\Cinema\Person.js.map
C:\Users\Meir\source\repos\Cinema\Cinema\Student.js
C:\Users\Meir\source\repos\Cinema\Cinema\Student.js.map
C:\Users\Meir\source\repos\Cinema\Cinema\Teacher.js
C:\Users\Meir\source\repos\Cinema\Cinema\Teacher.js.map
C:\Users\Meir\source\repos\Cinema\Cinema\Worker2.js
C:\Users\Meir\source\repos\Cinema\Cinema\Worker2.js.map
